Log file open, 01/26/18 08:45:46
LogInit:Display: Running engine for game: ProgGame
LogPlatformFile: Not using cached read wrapper
LogInit:Display: RandInit(-1585349205) SRandInit(-1585349205).
LogTaskGraph: Started task graph with 5 named threads and 8 total threads with 1 sets of task threads.
LogStats: Stats thread started at 0.090057
LogInit: Using libcurl 7.47.1
LogInit:  - built for x86_64-pc-win32
LogInit:  - supports SSL with OpenSSL/1.0.2g
LogInit:  - supports HTTP deflate (compression) using libz 1.2.8
LogInit:  - other features:
LogInit:      CURL_VERSION_SSL
LogInit:      CURL_VERSION_LIBZ
LogInit:      CURL_VERSION_IPV6
LogInit:      CURL_VERSION_ASYNCHDNS
LogInit:      CURL_VERSION_LARGEFILE
LogInit:      CURL_VERSION_IDN
LogInit:  CurlRequestOptions (configurable via config and command line):
LogInit:  - bVerifyPeer = false  - Libcurl will NOT verify peer certificate
LogInit:  - bUseHttpProxy = false  - Libcurl will NOT use HTTP proxy
LogInit:  - bDontReuseConnections = false  - Libcurl will reuse connections
LogInit:  - CertBundlePath = nullptr  - Libcurl will use whatever was configured at build time.
LogInit: Build: ++UE4+Release-4.16-CL-3561208
LogInit: Engine Version: 4.16.3-3561208+++UE4+Release-4.16
LogInit: Compatible Engine Version: 4.16.0-3452394+++UE4+Release-4.16
LogInit: Net CL: 3452394
LogDevObjectVersion: Number of dev versions registered: 16
LogDevObjectVersion:   Dev-Blueprints (B0D832E4-1F89-4F0D-ACCF-7EB736FD4AA2): 9
LogDevObjectVersion:   Dev-Build (E1C64328-A22C-4D53-A36C-8E866417BD8C): 0
LogDevObjectVersion:   Dev-Core (375EC13C-06E4-48FB-B500-84F0262A717E): 2
LogDevObjectVersion:   Dev-Editor (E4B068ED-F494-42E9-A231-DA0B2E46BB41): 17
LogDevObjectVersion:   Dev-Framework (CFFC743F-43B0-4480-9391-14DF171D2073): 23
LogDevObjectVersion:   Dev-Mobile (B02B49B5-BB20-44E9-A304-32B752E40360): 0
LogDevObjectVersion:   Dev-Networking (A4E4105C-59A1-49B5-A7C5-40C4547EDFEE): 0
LogDevObjectVersion:   Dev-Online (39C831C9-5AE6-47DC-9A44-9C173E1C8E7C): 0
LogDevObjectVersion:   Dev-Physics (78F01B33-EBEA-4F98-B9B4-84EACCB95AA2): 0
LogDevObjectVersion:   Dev-Platform (6631380F-2D4D-43E0-8009-CF276956A95A): 0
LogDevObjectVersion:   Dev-Rendering (12F88B9F-8875-4AFC-A67C-D90C383ABD29): 15
LogDevObjectVersion:   Dev-Sequencer (7B5AE74C-D270-4C10-A958-57980B212A5A): 4
LogDevObjectVersion:   Dev-VR (D7296918-1DD6-4BDD-9DE2-64A83CC13884): 0
LogDevObjectVersion:   Dev-LoadTimes (C2A15278-BFE7-4AFE-6C17-90FF531DF755): 1
LogDevObjectVersion:   Private-Geometry (6EACA3D4-40EC-4CC1-B786-8BED09428FC5): 1
LogDevObjectVersion:   Dev-AnimPhys (29E575DD-E0A3-4627-9D10-D276232CDCEA): 3
LogInit: Compiled (64-bit): Jul 28 2017 11:49:47
LogInit: Compiled with Visual C++: 19.00.24215.01
LogInit: Build Configuration: Development
LogInit: Branch Name: ++UE4+Release-4.16
LogInit: Command line:  
LogInit: Base directory: C:/Program Files/Epic Games/UE_4.16/Engine/Binaries/Win64/
LogInit: Installed Engine Build: 1
LogInit: Presizing for max 8388607 objects, including 0 objects not considered by GC, pre-allocating 0 bytes for permanent pool.
LogInit: Object subsystem initialized
[2018.01.26-13.45.46:788][  0]LogInit: Selected Device Profile: [Windows]
[2018.01.26-13.45.46:788][  0]LogInit: Applying CVar settings loaded from the selected device profile: [Windows]
[2018.01.26-13.45.46:804][  0]LogInit: Computer: GLADOS
[2018.01.26-13.45.46:804][  0]LogInit: User: Christian
[2018.01.26-13.45.46:804][  0]LogInit: CPU Page size=4096, Cores=4
[2018.01.26-13.45.46:804][  0]LogInit: High frequency timer resolution =2.742189 MHz
[2018.01.26-13.45.46:805][  0]LogMemory: Memory total: Physical=24.0GB (24GB approx)
[2018.01.26-13.45.46:805][  0]LogMemory: Platform Memory Stats for Windows
[2018.01.26-13.45.46:805][  0]LogMemory: Process Physical Memory: 275.75 MB used, 275.75 MB peak
[2018.01.26-13.45.46:805][  0]LogMemory: Process Virtual Memory: 261.00 MB used, 261.00 MB peak
[2018.01.26-13.45.46:805][  0]LogMemory: Physical Memory: 5282.48 MB used,  19246.72 MB free, 24529.21 MB total
[2018.01.26-13.45.46:805][  0]LogMemory: Virtual Memory: 676.88 MB used,  19246.72 MB free, 134217728.00 MB total
[2018.01.26-13.45.46:877][  0]LogInit: Using OS detected language (en-US).
[2018.01.26-13.45.46:877][  0]LogInit: Using OS detected locale (en-US).
[2018.01.26-13.45.46:879][  0]LogTextLocalizationManager: No specific localization for 'en-US' exists, so the 'en' localization will be used.
[2018.01.26-13.45.47:772][  0]LogD3D11RHI: D3D11 adapters:
[2018.01.26-13.45.48:445][  0]LogD3D11RHI:    0. 'NVIDIA GeForce GTX 1060' (Feature Level 11_0)
[2018.01.26-13.45.48:445][  0]LogD3D11RHI:       2981/0/12264 MB DedicatedVideo/DedicatedSystem/SharedSystem, Outputs:1, VendorId:0x10de
[2018.01.26-13.45.48:448][  0]LogD3D11RHI:    1. 'Microsoft Basic Render Driver' (Feature Level 11_0)
[2018.01.26-13.45.48:448][  0]LogD3D11RHI:       0/0/12264 MB DedicatedVideo/DedicatedSystem/SharedSystem, Outputs:0, VendorId:0x1414
[2018.01.26-13.45.48:448][  0]LogD3D11RHI: Chosen D3D11 Adapter: 0
[2018.01.26-13.45.48:454][  0]LogD3D11RHI: Creating new Direct3DDevice
[2018.01.26-13.45.48:454][  0]LogD3D11RHI:     GPU DeviceId: 0x1c20 (for the marketing name, search the web for "GPU Device Id")
[2018.01.26-13.45.48:454][  0]LogWindows: EnumDisplayDevices:
[2018.01.26-13.45.48:454][  0]LogWindows:    0. 'NVIDIA GeForce GTX 1060' (P:1 D:1)
[2018.01.26-13.45.48:454][  0]LogWindows:    1. 'NVIDIA GeForce GTX 1060' (P:0 D:0)
[2018.01.26-13.45.48:454][  0]LogWindows:    2. 'NVIDIA GeForce GTX 1060' (P:0 D:0)
[2018.01.26-13.45.48:454][  0]LogWindows:    3. 'NVIDIA GeForce GTX 1060' (P:0 D:0)
[2018.01.26-13.45.48:454][  0]LogWindows: DebugString: GetVideoDriverDetailsInvalid PrimaryIsNotTheChoosenAdapter GetVideoDriverDetailsInvalid PrimaryIsNotTheChoosenAdapter GetVideoDriverDetailsInvalid PrimaryIsNotTheChoosenAdapter GetVideoDriverDetailsInvalid PrimaryIsNotTheChoosenAdapter FoundDriverCount:0 
[2018.01.26-13.45.48:454][  0]LogD3D11RHI:     Adapter Name: NVIDIA GeForce GTX 1060
[2018.01.26-13.45.48:454][  0]LogD3D11RHI:   Driver Version: Unknown (internal:Unknown, unified:Unknown)
[2018.01.26-13.45.48:454][  0]LogD3D11RHI:      Driver Date: Unknown
[2018.01.26-13.45.48:454][  0]LogRHI: Texture pool is 1361 MB (70% of 1945 MB)
[2018.01.26-13.45.49:284][  0]LogD3D11RHI: Async texture creation enabled
[2018.01.26-13.45.49:317][  0]LogD3D11RHI: GPU Timing Frequency: 1000.000000 (Debug: 2 1)
[2018.01.26-13.45.49:359][  0]LogShaderCompilers: Guid format shader working directory is 23 characters bigger than the processId version (D:/UnrealProjects/ProgGame/Intermediate/Shaders/WorkingDirectory/11020/).
[2018.01.26-13.45.49:359][  0]LogShaderCompilers: Cleaned the shader compiler working directory 'C:/Users/Christian/AppData/Local/Temp/UnrealShaderWorkingDir/ADCAABF94FB34137478EE2AEB044E06F/'.
[2018.01.26-13.45.49:359][  0]LogShaderCompilers:Display: Using Local Shader Compiler.
[2018.01.26-13.45.50:562][  0]LogTemp:Display: Loaded TP AllDesktopTargetPlatform
[2018.01.26-13.45.50:608][  0]LogTemp:Display: Loaded TP MacClientTargetPlatform
[2018.01.26-13.45.50:653][  0]LogTemp:Display: Loaded TP MacNoEditorTargetPlatform
[2018.01.26-13.45.50:704][  0]LogTemp:Display: Loaded TP MacServerTargetPlatform
[2018.01.26-13.45.50:752][  0]LogTemp:Display: Loaded TP MacTargetPlatform
[2018.01.26-13.45.50:797][  0]LogTemp:Display: Loaded TP WindowsClientTargetPlatform
[2018.01.26-13.45.50:842][  0]LogTemp:Display: Loaded TP WindowsNoEditorTargetPlatform
[2018.01.26-13.45.50:887][  0]LogTemp:Display: Loaded TP WindowsServerTargetPlatform
[2018.01.26-13.45.50:929][  0]LogTemp:Display: Loaded TP WindowsTargetPlatform
[2018.01.26-13.45.50:978][  0]LogTemp:Display: Loaded TP AndroidTargetPlatform
[2018.01.26-13.45.51:059][  0]LogTemp:Display: Loaded TP Android_ASTCTargetPlatform
[2018.01.26-13.45.51:108][  0]LogTemp:Display: Loaded TP Android_ATCTargetPlatform
[2018.01.26-13.45.51:154][  0]LogTemp:Display: Loaded TP Android_DXTTargetPlatform
[2018.01.26-13.45.51:231][  0]LogTemp:Display: Loaded TP Android_ETC1TargetPlatform
[2018.01.26-13.45.51:283][  0]LogTemp:Display: Loaded TP Android_ETC2TargetPlatform
[2018.01.26-13.45.51:414][  0]LogTemp:Display: Loaded TP Android_MultiTargetPlatform
[2018.01.26-13.45.51:414][  0]LogTemp:Display: Loaded TP Android_PVRTCTargetPlatform
[2018.01.26-13.45.51:489][  0]LogTemp:Display: Loaded TP HTML5TargetPlatform
[2018.01.26-13.45.51:622][  0]LogTemp:Display: Loaded TP IOSTargetPlatform
[2018.01.26-13.45.51:670][  0]LogTemp:Display: Loaded TP TVOSTargetPlatform
[2018.01.26-13.45.51:736][  0]LogTemp:Display: Loaded TP LinuxClientTargetPlatform
[2018.01.26-13.45.51:787][  0]LogTemp:Display: Loaded TP LinuxNoEditorTargetPlatform
[2018.01.26-13.45.51:861][  0]LogTemp:Display: Loaded TP LinuxServerTargetPlatform
[2018.01.26-13.45.51:929][  0]LogTemp:Display: Loaded TP LinuxTargetPlatform
[2018.01.26-13.45.51:929][  0]LogTargetPlatformManager:Display: Building Assets For Windows
[2018.01.26-13.45.52:569][  0]LogDerivedDataCache:Display: Max Cache Size: 512 MB
[2018.01.26-13.45.52:653][  0]LogDerivedDataCache: Loaded boot cache 0.08s 90MB C:/Users/Christian/AppData/Local/UnrealEngine/4.16/DerivedDataCache/Boot.ddc.
[2018.01.26-13.45.52:653][  0]LogDerivedDataCache:Display: Loaded Boot cache: C:/Users/Christian/AppData/Local/UnrealEngine/4.16/DerivedDataCache/Boot.ddc
[2018.01.26-13.45.52:653][  0]LogDerivedDataCache: FDerivedDataBackendGraph:  Pak pak cache file D:/UnrealProjects/ProgGame/DerivedDataCache/DDC.ddp not found, will not use a pak cache.
[2018.01.26-13.45.52:653][  0]LogDerivedDataCache: Unable to find inner node Pak for hierarchical cache Hierarchy.
[2018.01.26-13.45.52:653][  0]LogDerivedDataCache: FDerivedDataBackendGraph:  CompressedPak pak cache file D:/UnrealProjects/ProgGame/DerivedDataCache/Compressed.ddp not found, will not use a pak cache.
[2018.01.26-13.45.52:653][  0]LogDerivedDataCache: Unable to find inner node CompressedPak for hierarchical cache Hierarchy.
[2018.01.26-13.45.52:672][  0]LogDerivedDataCache:Display: Pak cache opened for reading ../../../Engine/DerivedDataCache/Compressed.ddp.
[2018.01.26-13.45.52:684][  0]LogDerivedDataCache: Using Local data cache path C:/Users/Christian/AppData/Local/UnrealEngine/Common/DerivedDataCache: Writable
[2018.01.26-13.45.52:701][  0]LogMaterial: Verifying Global Shaders for PCD3D_SM5
[2018.01.26-13.45.52:702][  0]LogSlate: Using Freetype 2.6.0
[2018.01.26-13.45.52:703][  0]LogSlate: SlateFontCache - WITH_FREETYPE: 1, WITH_HARFBUZZ: 1
[2018.01.26-13.45.52:703][  0]LogSlate: SlateFontCache - WITH_FREETYPE: 1, WITH_HARFBUZZ: 1
[2018.01.26-13.45.53:188][  0]LogInit: Selected Device Profile: [Windows]
[2018.01.26-13.45.53:288][  0]LogContentStreaming: Texture pool size is 0.00 MB
[2018.01.26-13.45.53:475][  0]LogMeshUtilities: Using QuadricMeshReduction for automatic static mesh reduction
[2018.01.26-13.45.53:558][  0]LogSimplygon: Simplygon DLL not present - disabling.
[2018.01.26-13.45.53:609][  0]LogMeshUtilities: Using SimplygonSwarm for distributed automatic mesh merging
[2018.01.26-13.45.53:609][  0]LogMeshUtilities: No automatic skeletal mesh reduction module available
[2018.01.26-13.45.53:609][  0]LogMeshUtilities: No automatic mesh merging module available
[2018.01.26-13.45.54:300][  0]LogNetVersion: ProgGame , NetCL: 3452394, EngineNetVer: 2, GameNetVer: 0 (Checksum: 3073506959)
[2018.01.26-13.45.54:361][  0]LogAssetRegistry: FAssetRegistry took 0.0258 seconds to start up
[2018.01.26-13.45.54:446][  0]LogPackageLocalizationCache: Processed 4 localized package path(s) for 2 prioritized culture(s) in 0.038324 seconds
[2018.01.26-13.45.54:451][  0]LogUObjectArray: 34194 objects as part of root set at end of initial load.
[2018.01.26-13.45.54:451][  0]LogUObjectAllocator: 7260416 out of 0 bytes used by permanent object pool.
[2018.01.26-13.45.54:451][  0]LogUObjectArray: CloseDisregardForGC: 0/0 objects in disregard for GC pool
[2018.01.26-13.45.54:534][  0]LogInit: WinSock: version 1.1 (2.2), MaxSocks=32767, MaxUdp=65467
[2018.01.26-13.45.58:619][  0]LogTcpMessaging: Initializing TcpMessaging bridge
[2018.01.26-13.45.58:671][  0]LogUdpMessaging: Initializing bridge on interface 0.0.0.0:0 to multicast group 230.0.0.1:6666.
[2018.01.26-13.45.59:371][  0]LogMaterial: Uniform references updated for custom material expression Custom.
[2018.01.26-13.45.59:960][  0]SourceControl: Info Source control is disabled
[2018.01.26-13.45.59:961][  0]SourceControl: Info Source control is disabled
[2018.01.26-13.46.00:008][  0]SourceControl: Info Source control is disabled
[2018.01.26-13.46.00:055][  0]SourceControl: Info Source control is disabled
[2018.01.26-13.46.01:197][  0]LogAndroidPermission: UAndroidPermissionCallbackProxy::GetInstance
[2018.01.26-13.46.01:941][  0]LogEngine: Initializing Engine...
[2018.01.26-13.46.01:941][  0]LogHMD: Failed to initialize OpenVR with code 110
[2018.01.26-13.46.02:144][  0]LogStats: UGameplayTagsManager::ConstructGameplayTagTree: Construct from data asset -  0.000 s
[2018.01.26-13.46.02:144][  0]LogStats: UGameplayTagsManager::ConstructGameplayTagTree: GameplayTagTreeChangedEvent.Broadcast -  0.000 s
[2018.01.26-13.46.02:354][  0]LogAIModule: Creating AISystem for world Untitled
[2018.01.26-13.46.02:360][  0]LogInit: XAudio2 using 'Speakers (Realtek High Definition Audio)' : 2 channels at 48 kHz using 32 bits per sample (channel mask 0x3)
[2018.01.26-13.46.02:385][  0]LogInit: FAudioDevice initialized.
[2018.01.26-13.46.02:426][  0]LogDerivedDataCache: Saved boot cache 0.04s 90MB C:/Users/Christian/AppData/Local/UnrealEngine/4.16/DerivedDataCache/Boot.ddc.
[2018.01.26-13.46.02:440][  0]LogInit: Texture streaming: Enabled
[2018.01.26-13.46.02:532][  0]LogEngineSessionManager: EngineSessionManager initialized
[2018.01.26-13.46.02:744][  0]LogInit: Transaction tracking system initialized
[2018.01.26-13.46.03:055][  0]BlueprintLog: New page: Editor Load
[2018.01.26-13.46.04:009][  0]LocalizationService: Info Localization service is disabled
[2018.01.26-13.46.04:988][  0]LogConsoleResponse:Display: 
[2018.01.26-13.46.05:148][  0]LogCook:Display: Max memory allowance for cook 16384mb min free memory 0mb
[2018.01.26-13.46.05:148][  0]LogCook:Display: Mobile HDR setting 1
[2018.01.26-13.46.05:197][  0]LogFileCache: Scanning file cache for directory 'D:/UnrealProjects/ProgGame/Content/' took 0.02s
[2018.01.26-13.46.06:067][  0]SourceControl: Info Source control is disabled
[2018.01.26-13.46.06:067][  0]Cmd: MAP LOAD FILE="D:/UnrealProjects/ProgGame/Content/Game/Maps/OverWorld.umap" TEMPLATE=0 SHOWPROGRESS=1 FEATURELEVEL=3
[2018.01.26-13.46.06:067][  0]LightingResults: New page: Lighting Build
[2018.01.26-13.46.06:105][  0]MapCheck: New page: Map Check
[2018.01.26-13.46.06:105][  0]LightingResults: New page: Lighting Build
[2018.01.26-13.46.06:349][  0]LogAIModule: Creating AISystem for world OverWorld
[2018.01.26-13.46.06:357][  0]LogEditorServer: Finished looking for orphan Actors (0.000 secs)
[2018.01.26-13.46.06:368][  0]Cmd: MAP CHECKDEP NOCLEARLOG
[2018.01.26-13.46.06:408][  0]MapCheck: Info Map check complete: 0 Error(s), 0 Warning(s), took 39.626ms to complete.
[2018.01.26-13.46.06:408][  0]LogFileHelpers: Loading map 'OverWorld' took 0.341
[2018.01.26-13.46.06:488][  0]LogCollectionManager: Loaded 0 collections in 0.001222 seconds
[2018.01.26-13.46.06:563][  0]LogFileCache: Scanning file cache for directory 'D:/UnrealProjects/ProgGame/Saved/Collections/' took 0.01s
[2018.01.26-13.46.06:563][  0]LogFileCache: Scanning file cache for directory 'D:/UnrealProjects/ProgGame/Content/Developers/Christian/Collections/' took 0.01s
[2018.01.26-13.46.06:563][  0]LogFileCache: Scanning file cache for directory 'D:/UnrealProjects/ProgGame/Content/Collections/' took 0.01s
[2018.01.26-13.46.06:563][  0]LogCollectionManager: Rebuilt the GUID cache for 0 collections in 0.000001 seconds
[2018.01.26-13.46.06:571][  0]LogContentBrowser: Native class hierarchy populated in 0.0075 seconds. Added 2329 classes and 491 folders.
[2018.01.26-13.46.06:625][  0]LogContentBrowser: Native class hierarchy updated for 'WidgetCarousel' in 0.0005 seconds. Added 0 classes and 0 folders.
[2018.01.26-13.46.06:655][  0]LogContentBrowser: Native class hierarchy updated for 'AddContentDialog' in 0.0004 seconds. Added 0 classes and 0 folders.
[2018.01.26-13.46.06:738][  0]LogContentBrowser: Native class hierarchy updated for 'SceneOutliner' in 0.0005 seconds. Added 1 classes and 2 folders.
[2018.01.26-13.46.06:811][  0]LogCrashTracker: Crashtracker disabled due to settings.
[2018.01.26-13.46.06:820][  0]LogSlate: Took 0.000148 seconds to synchronously load lazily loaded font '../../../Engine/Content/Slate/Fonts/Roboto-Regular.ttf' (155K)
[2018.01.26-13.46.06:822][  0]LogSlate: Took 0.000177 seconds to synchronously load lazily loaded font '../../../Engine/Content/Slate/Fonts/Roboto-Bold.ttf' (160K)
[2018.01.26-13.46.06:823][  0]LogSlate: Took 0.000160 seconds to synchronously load lazily loaded font '../../../Engine/Content/Editor/Slate/Fonts/FontAwesome.ttf' (139K)
[2018.01.26-13.46.06:937][  0]LogRenderer: Reallocating scene render targets to support 1208x924 NumSamples 1 (Frame:1).
[2018.01.26-13.46.07:068][  0]LogUObjectGlobals:Warning: Failed to find object 'Class None.'
[2018.01.26-13.46.07:137][  0]LogContentBrowser: Native class hierarchy updated for 'HierarchicalLODOutliner' in 0.0005 seconds. Added 1 classes and 2 folders.
[2018.01.26-13.46.07:137][  0]LogLoad: (Engine Initialization) Total time: 21.79 seconds
[2018.01.26-13.46.07:137][  0]LogLoad: (Engine Initialization) Total Blueprint compile time: 0.11 seconds
[2018.01.26-13.46.07:137][  0]LogExternalProfiler: No external profilers were discovered.  External profiling features will not be available.
[2018.01.26-13.46.07:478][  0]LogOcInput: OculusInput pre-init called
[2018.01.26-13.46.07:478][  0]LogHMD: Starting GearVRController plugin
[2018.01.26-13.46.07:502][  0]LogContentStreaming: Texture pool size now 400 MB
[2018.01.26-13.46.08:150][  2]LogAssetRegistry: Asset discovery search completed in 13.8112 seconds
[2018.01.26-13.46.08:155][  2]LogCollectionManager: Rebuilt the object cache for 0 collections in 0.000001 seconds (found 0 objects)
[2018.01.26-13.46.08:155][  2]LogCollectionManager: Fixed up redirectors for 0 collections in 0.000070 seconds (updated 0 objects)
[2018.01.26-13.46.14:473][ 21]LogTemp: Repeting last play command: New Editor Window (PIE)
[2018.01.26-13.46.14:585][ 21]LogPlayLevel: PlayLevel: No blueprints needed recompiling
[2018.01.26-13.46.14:585][ 21]PIE: New page: PIE session: OverWorld (Jan 26, 2018, 3:46:14 AM)
[2018.01.26-13.46.14:585][ 21]LogPlayLevel: Creating play world package: /Game/Game/Maps/UEDPIE_0_OverWorld
[2018.01.26-13.46.14:587][ 21]LogPlayLevel: PIE: StaticDuplicateObject took: (0.001789s)
[2018.01.26-13.46.14:587][ 21]LogAIModule: Creating AISystem for world OverWorld
[2018.01.26-13.46.14:588][ 21]LogPlayLevel: PIE: World Init took: (0.000678s)
[2018.01.26-13.46.14:588][ 21]LogPlayLevel: PIE: Created PIE world by copying editor world from /Game/Game/Maps/OverWorld.OverWorld to /Game/Game/Maps/UEDPIE_0_OverWorld.OverWorld (0.002639s)
[2018.01.26-13.46.14:599][ 21]LogInit: XAudio2 using 'Speakers (Realtek High Definition Audio)' : 2 channels at 48 kHz using 32 bits per sample (channel mask 0x3)
[2018.01.26-13.46.14:618][ 21]LogInit: FAudioDevice initialized.
[2018.01.26-13.46.14:668][ 21]LogLoad: Game class is 'ProgGame_GM_C'
[2018.01.26-13.46.14:673][ 21]LogWorld: Bringing World /Game/Game/Maps/UEDPIE_0_OverWorld.OverWorld up for play (max tick rate 60) at 2018.01.26-08.46.14
[2018.01.26-13.46.14:673][ 21]LogWorld: Bringing up level for play took: 0.001846
[2018.01.26-13.46.14:720][ 21]LogContentBrowser: Native class hierarchy updated for 'MovieSceneCapture' in 0.0006 seconds. Added 11 classes and 0 folders.
[2018.01.26-13.46.14:725][ 21]PIE: Info Play in editor start time for /Game/Game/Maps/UEDPIE_0_OverWorld 0.135
[2018.01.26-13.46.21:140][119]LogBlueprintUserMessages: [Character_Player_142] Forward
[2018.01.26-14.09.37:721][675]LogHttp:Warning: 000002CF79542500: request failed, libcurl error: 6 (Couldn't resolve host name)
[2018.01.26-14.09.37:721][675]LogHttp:Warning: 000002CF79542500: libcurl info message cache 0 (Found bundle for host datarouter.ol.epicgames.com: 0x2cf33bf7fe8 [can pipeline])
[2018.01.26-14.09.37:721][675]LogHttp:Warning: 000002CF79542500: libcurl info message cache 1 (Re-using existing connection! (#0) with host datarouter.ol.epicgames.com)
[2018.01.26-14.09.37:721][675]LogHttp:Warning: 000002CF79542500: libcurl info message cache 2 (Connected to datarouter.ol.epicgames.com (52.23.108.251) port 443 (#0))
[2018.01.26-14.09.37:721][675]LogHttp:Warning: 000002CF79542500: libcurl info message cache 3 (upload completely sent off: 359 out of 359 bytes)
[2018.01.26-14.09.37:721][675]LogHttp:Warning: 000002CF79542500: libcurl info message cache 4 (SSL read: error:00000000:lib(0):func(0):reason(0), errno 10054)
[2018.01.26-14.09.37:721][675]LogHttp:Warning: 000002CF79542500: libcurl info message cache 5 (Connection died, retrying a fresh connect)
[2018.01.26-14.09.37:721][675]LogHttp:Warning: 000002CF79542500: libcurl info message cache 6 (Closing connection 0)
[2018.01.26-14.09.37:721][675]LogHttp:Warning: 000002CF79542500: libcurl info message cache 7 (Issue another request to this URL: 'https://datarouter.ol.epicgames.com/datarouter/api/v1/public/data?SessionID=%7BCB033D05-4FE3-0161-6919-30AE2AC9C01F%7D&AppID=UEEditor.Rocket.Release&AppVersion=4.16.3-3561208%2B%2B%2BUE4%2BRelease-4.16&UserID=be15d2f341a2591c0a67769650353cac%7C7a03dd74e9a24775aa784d75d5dbc930%7C44e25403-fe93-4e74-a749-b948f5231b26&AppEnvironment=datacollector-binary&UploadType=eteventstream')
[2018.01.26-14.09.37:721][675]LogHttp:Warning: 000002CF79542500: libcurl info message cache 8 (Could not resolve host: datarouter.ol.epicgames.com)
[2018.01.26-14.09.37:722][675]LogHttp:Warning: 000002CF79542500: libcurl info message cache 9 (Closing connection 1)
[2018.01.26-14.10.18:721][798]LogHttp:Warning: 000002CF79540580: request failed, libcurl error: 6 (Couldn't resolve host name)
[2018.01.26-14.10.18:721][798]LogHttp:Warning: 000002CF79540580: libcurl info message cache 0 (Could not resolve host: datarouter.ol.epicgames.com)
[2018.01.26-14.10.18:721][798]LogHttp:Warning: 000002CF79540580: libcurl info message cache 1 (Closing connection 2)
[2018.01.26-14.11.18:721][978]LogHttp:Warning: 000002CF79540700: request failed, libcurl error: 6 (Couldn't resolve host name)
[2018.01.26-14.11.18:721][978]LogHttp:Warning: 000002CF79540700: libcurl info message cache 0 (Could not resolve host: datarouter.ol.epicgames.com)
[2018.01.26-14.11.18:721][978]LogHttp:Warning: 000002CF79540700: libcurl info message cache 1 (Closing connection 3)
[2018.01.26-14.12.18:721][158]LogHttp:Warning: 000002CF79540880: request failed, libcurl error: 6 (Couldn't resolve host name)
[2018.01.26-14.12.18:721][158]LogHttp:Warning: 000002CF79540880: libcurl info message cache 0 (Could not resolve host: datarouter.ol.epicgames.com)
[2018.01.26-14.12.18:721][158]LogHttp:Warning: 000002CF79540880: libcurl info message cache 1 (Closing connection 4)
[2018.01.26-16.10.45:305][246]LogTemp: Repeting last play command: New Editor Window (PIE)
[2018.01.26-16.10.45:319][246]LogPlayLevel: PlayLevel: No blueprints needed recompiling
[2018.01.26-16.10.45:319][246]PIE: New page: PIE session: OverWorld (Jan 26, 2018, 6:10:45 AM)
[2018.01.26-16.10.45:319][246]LogPlayLevel: Creating play world package: /Game/Game/Maps/UEDPIE_0_OverWorld
[2018.01.26-16.10.45:321][246]LogPlayLevel: PIE: StaticDuplicateObject took: (0.001317s)
[2018.01.26-16.10.45:321][246]LogAIModule: Creating AISystem for world OverWorld
[2018.01.26-16.10.45:322][246]LogPlayLevel: PIE: World Init took: (0.000901s)
[2018.01.26-16.10.45:322][246]LogPlayLevel: PIE: Created PIE world by copying editor world from /Game/Game/Maps/OverWorld.OverWorld to /Game/Game/Maps/UEDPIE_0_OverWorld.OverWorld (0.002411s)
[2018.01.26-16.10.45:333][246]LogInit: XAudio2 using 'Speakers (Realtek High Definition Audio)' : 2 channels at 48 kHz using 32 bits per sample (channel mask 0x3)
[2018.01.26-16.10.45:352][246]LogInit: FAudioDevice initialized.
[2018.01.26-16.10.45:395][246]LogLoad: Game class is 'ProgGame_GM_C'
[2018.01.26-16.10.45:401][246]LogWorld: Bringing World /Game/Game/Maps/UEDPIE_0_OverWorld.OverWorld up for play (max tick rate 0) at 2018.01.26-11.10.45
[2018.01.26-16.10.45:401][246]LogWorld: Bringing up level for play took: 0.002464
[2018.01.26-16.10.45:408][246]PIE: Info Play in editor start time for /Game/Game/Maps/UEDPIE_0_OverWorld 0.818
[2018.01.26-16.10.51:485][937]LogRenderer: Reallocating scene render targets to support 1208x924 NumSamples 1 (Frame:820).
[2018.01.26-16.10.51:485][937]LogContentStreaming: Texture pool size now 800 MB
[2018.01.26-16.10.52:160][ 14]LogRenderer: Reallocating scene render targets to support 1208x924 NumSamples 1 (Frame:821).
[2018.01.26-16.10.52:161][ 14]LogContentStreaming: Texture pool size now 1000 MB
[2018.01.26-16.10.54:210][249]LogTemp: Repeting last play command: New Editor Window (PIE)
[2018.01.26-16.10.54:229][249]LogPlayLevel: PlayLevel: No blueprints needed recompiling
[2018.01.26-16.10.54:229][249]PIE: New page: PIE session: OverWorld (Jan 26, 2018, 6:10:54 AM)
[2018.01.26-16.10.54:229][249]LogPlayLevel: Creating play world package: /Game/Game/Maps/UEDPIE_0_OverWorld
[2018.01.26-16.10.54:230][249]LogPlayLevel: PIE: StaticDuplicateObject took: (0.000993s)
[2018.01.26-16.10.54:231][249]LogAIModule: Creating AISystem for world OverWorld
[2018.01.26-16.10.54:231][249]LogPlayLevel: PIE: World Init took: (0.000690s)
[2018.01.26-16.10.54:231][249]LogPlayLevel: PIE: Created PIE world by copying editor world from /Game/Game/Maps/OverWorld.OverWorld to /Game/Game/Maps/UEDPIE_0_OverWorld.OverWorld (0.001902s)
[2018.01.26-16.10.54:244][249]LogInit: XAudio2 using 'Speakers (Realtek High Definition Audio)' : 2 channels at 48 kHz using 32 bits per sample (channel mask 0x3)
[2018.01.26-16.10.54:263][249]LogInit: FAudioDevice initialized.
[2018.01.26-16.10.54:302][249]LogLoad: Game class is 'ProgGame_GM_C'
[2018.01.26-16.10.54:304][249]LogWorld: Bringing World /Game/Game/Maps/UEDPIE_0_OverWorld.OverWorld up for play (max tick rate 0) at 2018.01.26-11.10.54
[2018.01.26-16.10.54:305][249]LogWorld: Bringing up level for play took: 0.001506
[2018.01.26-16.10.54:309][249]PIE: Info Play in editor start time for /Game/Game/Maps/UEDPIE_0_OverWorld -0.281
[2018.01.26-16.10.54:335][249]LogRenderer: Reallocating scene render targets to support 1292x924 NumSamples 1 (Frame:1).
[2018.01.26-16.10.59:689][883]LogBlueprintUserMessages: [Character_Player_142] Forward
[2018.01.26-16.10.59:933][912]LogBlueprintUserMessages: [Character_Player_142] Forward
[2018.01.26-16.11.00:117][934]LogBlueprintUserMessages: [Character_Player_142] Forward
[2018.01.26-16.11.00:301][956]LogBlueprintUserMessages: [Character_Player_142] Forward
[2018.01.26-16.11.05:235][544]LogBlueprintUserMessages: [Character_Player_142] Forward
[2018.01.26-16.11.05:401][564]LogBlueprintUserMessages: [Character_Player_142] Forward
[2018.01.26-16.11.17:683][ 28]LogBlueprintUserMessages: [Character_Player_142] Forward
[2018.01.26-16.11.17:683][ 28]LogBlueprintUserMessages: [Character_Player_142] Forward
[2018.01.26-16.11.17:691][ 29]LogBlueprintUserMessages: [Character_Player_142] RotateRight
[2018.01.26-16.11.25:869][  3]LogBlueprintUserMessages: [Character_Player_142] Forward
[2018.01.26-16.11.25:869][  3]LogBlueprintUserMessages: [Character_Player_142] Forward
[2018.01.26-16.11.33:618][929]LogScriptCore:Warning: Script Msg: Attempted to remove an item from an invalid index from array Tags [3/0]!
[2018.01.26-16.11.34:247][  4]LogBlueprintUserMessages: [Character_Player_142] Forward
[2018.01.26-16.11.34:388][ 21]LogBlueprintUserMessages: [Character_Player_142] Forward
[2018.01.26-16.11.34:589][ 45]LogBlueprintUserMessages: [Character_Player_142] Forward
[2018.01.26-16.11.34:756][ 65]LogBlueprintUserMessages: [Character_Player_142] Forward
[2018.01.26-16.11.58:131][855]LogScriptCore:Warning: Script Msg: Attempted to remove an item from an invalid index from array Tags [5/3]!
[2018.01.26-16.11.59:239][987]LogScriptCore:Warning: Script Msg: Attempted to remove an item from an invalid index from array Tags [6/3]!
[2018.01.26-16.12.00:577][147]LogBlueprintUserMessages: [Character_Player_142] Forward
[2018.01.26-16.12.00:577][147]LogBlueprintUserMessages: [Character_Player_142] Forward
[2018.01.26-16.12.00:585][148]LogBlueprintUserMessages: [Character_Player_142] RotateRight
[2018.01.26-16.12.00:593][149]LogBlueprintUserMessages: [Character_Player_142] Forward
[2018.01.26-16.12.10:408][319]LogScriptCore:Warning: Script Msg: Attempted to remove an item from an invalid index from array Tags [4/3]!
[2018.01.26-16.12.11:369][434]LogScriptCore:Warning: Script Msg: Attempted to remove an item from an invalid index from array Tags [7/3]!
[2018.01.26-16.12.38:216][630]LogSlate: Took 0.000127 seconds to synchronously load lazily loaded font '../../../Engine/Content/Slate/Fonts/Roboto-Light.ttf' (159K)
[2018.01.26-16.12.38:569][630]LogContentBrowser: Native class hierarchy updated for 'BlueprintGraph' in 0.0009 seconds. Added 112 classes and 0 folders.
[2018.01.26-16.12.39:151][630]LogSlate: Took 0.000168 seconds to synchronously load lazily loaded font '../../../Engine/Content/Slate/Fonts/Roboto-Light.ttf' (159K)
[2018.01.26-16.12.39:152][630]LogSlate: Took 0.000142 seconds to synchronously load lazily loaded font '../../../Engine/Content/Editor/Slate/Fonts/Roboto-BoldCondensed.ttf' (158K)
[2018.01.26-16.12.40:621][718]LogSlate: Took 0.008020 seconds to synchronously load lazily loaded font '../../../Engine/Content/Slate/Fonts/DroidSansFallback.ttf' (3848K)
[2018.01.26-16.12.51:529][369]LogSlate: Took 0.000356 seconds to synchronously load lazily loaded font '../../../Engine/Content/Editor/Slate/Fonts/Roboto-Italic.ttf' (157K)
[2018.01.26-16.13.27:603][691]LogTemp: Repeting last play command: New Editor Window (PIE)
[2018.01.26-16.13.27:625][691]LogPlayLevel: PlayLevel: No blueprints needed recompiling
[2018.01.26-16.13.27:625][691]PIE: New page: PIE session: OverWorld (Jan 26, 2018, 6:13:27 AM)
[2018.01.26-16.13.27:625][691]LogPlayLevel: Creating play world package: /Game/Game/Maps/UEDPIE_0_OverWorld
[2018.01.26-16.13.27:626][691]LogPlayLevel: PIE: StaticDuplicateObject took: (0.001015s)
[2018.01.26-16.13.27:627][691]LogAIModule: Creating AISystem for world OverWorld
[2018.01.26-16.13.27:627][691]LogPlayLevel: PIE: World Init took: (0.000477s)
[2018.01.26-16.13.27:627][691]LogPlayLevel: PIE: Created PIE world by copying editor world from /Game/Game/Maps/OverWorld.OverWorld to /Game/Game/Maps/UEDPIE_0_OverWorld.OverWorld (0.001618s)
[2018.01.26-16.13.27:645][691]LogInit: XAudio2 using 'Speakers (Realtek High Definition Audio)' : 2 channels at 48 kHz using 32 bits per sample (channel mask 0x3)
[2018.01.26-16.13.27:663][691]LogInit: FAudioDevice initialized.
[2018.01.26-16.13.27:706][691]LogLoad: Game class is 'ProgGame_GM_C'
[2018.01.26-16.13.27:712][691]LogWorld: Bringing World /Game/Game/Maps/UEDPIE_0_OverWorld.OverWorld up for play (max tick rate 0) at 2018.01.26-11.13.27
[2018.01.26-16.13.27:713][691]LogWorld: Bringing up level for play took: 0.002400
[2018.01.26-16.13.27:720][691]PIE: Info Play in editor start time for /Game/Game/Maps/UEDPIE_0_OverWorld -0.87
[2018.01.26-16.13.40:597][226]LogBlueprintUserMessages: [Character_Player_142] Forward
[2018.01.26-16.13.58:603][380]LogScriptCore:Warning: Script Msg: Attempted to remove an item from an invalid index from array Tags [4/3]!
[2018.01.26-16.14.00:822][646]LogBlueprintUserMessages: [Character_Player_142] Forward
[2018.01.26-16.14.00:822][646]LogBlueprintUserMessages: [Character_Player_142] Forward
[2018.01.26-16.14.00:831][647]LogBlueprintUserMessages: [Character_Player_142] Forward
[2018.01.26-16.14.07:537][450]LogScriptCore:Warning: Script Msg: Attempted to remove an item from an invalid index from array Tags [3/2]!
[2018.01.26-16.14.42:026][576]LogScriptCore:Warning: Script Msg: Attempted to remove an item from an invalid index from array Tags [11/7]!
[2018.01.26-16.14.42:817][671]LogScriptCore:Warning: Script Msg: Attempted to remove an item from an invalid index from array Tags [12/7]!
[2018.01.26-16.14.43:528][756]LogScriptCore:Warning: Script Msg: Attempted to remove an item from an invalid index from array Tags [9/7]!
[2018.01.26-16.17.37:292][204]LogFileHelpers: Editor autosave (incl. sublevels) for '/Game/Game/Maps/OverWorld' took 0.028
[2018.01.26-16.17.37:295][204]OBJ SavePackage: Generating thumbnails for [1] asset(s) in package [/Game/Game/Blueprints/Character_Player] ([1] browsable assets)...
[2018.01.26-16.17.37:308][204]OBJ SavePackage:     Rendered thumbnail for [Blueprint /Game/Game/Blueprints/Character_Player.Character_Player]
[2018.01.26-16.17.37:308][204]OBJ SavePackage: Finished generating thumbnails for package [/Game/Game/Blueprints/Character_Player]
[2018.01.26-16.17.37:308][204]Cmd: OBJ SAVEPACKAGE PACKAGE="/Game/Game/Blueprints/Character_Player" FILE="D:/UnrealProjects/ProgGame/Saved/Autosaves/Game/Game/Blueprints/Character_Player_Auto1.uasset" SILENT=false AUTOSAVING=true
[2018.01.26-16.17.37:849][204]LogSavePackage: Save=114.98ms
[2018.01.26-16.17.37:849][204]LogSavePackage: Moving 'D:/UnrealProjects/ProgGame/Saved/Character_Player_Auto13189C70E4363E31AE5F2F390AFA6D4E1.tmp' to 'D:/UnrealProjects/ProgGame/Saved/Autosaves/Game/Game/Blueprints/Character_Player_Auto1.uasset'
[2018.01.26-16.17.37:885][204]LogSavePackage:Display: Finished SavePackage D:/UnrealProjects/ProgGame/Saved/Autosaves/Game/Game/Blueprints/Character_Player_Auto1.uasset
[2018.01.26-16.17.37:886][204]LogFileHelpers: Auto-saving content packages took 0.592
[2018.01.26-16.29.23:437][729]Cmd: OBJ SAVEPACKAGE PACKAGE="/Game/Game/Blueprints/Character_Player" FILE="D:/UnrealProjects/ProgGame/Content/Game/Blueprints/Character_Player.uasset" SILENT=true
[2018.01.26-16.29.23:553][729]LogSavePackage: Save=105.82ms
[2018.01.26-16.29.23:553][729]LogSavePackage: Moving 'D:/UnrealProjects/ProgGame/Saved/Character_PlayerD7D73DA64F3146BB657B37A0657DB942.tmp' to 'D:/UnrealProjects/ProgGame/Content/Game/Blueprints/Character_Player.uasset'
[2018.01.26-16.29.23:554][729]LogSavePackage:Display: Finished SavePackage D:/UnrealProjects/ProgGame/Content/Game/Blueprints/Character_Player.uasset
[2018.01.26-16.29.23:626][729]LogWindowsTextInputMethodSystem:Display: IME system now deactivated.
[2018.01.26-16.29.23:809][730]Cmd: QUIT_EDITOR
[2018.01.26-16.29.24:098][730]LogExit: Preparing to exit.
[2018.01.26-16.29.24:496][730]LogExit: Editor shut down
[2018.01.26-16.29.24:505][730]LogExit: Transaction tracking system shut down
[2018.01.26-16.29.24:645][730]LogObj: Freed 0b from 0 cluster array pools.
[2018.01.26-16.29.24:645][730]LogExit: Object subsystem successfully closed.
[2018.01.26-16.29.24:679][730]LogD3D11RHI: Shutdown
[2018.01.26-16.29.24:679][730]LogD3D11RHI: CleanupD3DDevice
[2018.01.26-16.29.24:751][730]LogD3D11RHI: ~FD3D11DynamicRHI
[2018.01.26-16.29.24:793][730]LogModuleManager: Shutting down and abandoning module SequencerWidgets (532)
[2018.01.26-16.29.24:793][730]LogModuleManager: Shutting down and abandoning module BlueprintGraph (530)
[2018.01.26-16.29.24:793][730]LogModuleManager: Shutting down and abandoning module BlueprintProfiler (528)
[2018.01.26-16.29.24:795][730]LogModuleManager: Shutting down and abandoning module MovieSceneCapture (526)
[2018.01.26-16.29.24:795][730]LogModuleManager: Shutting down and abandoning module HierarchicalLODOutliner (524)
[2018.01.26-16.29.24:796][730]LogModuleManager: Shutting down and abandoning module CrashTracker (522)
[2018.01.26-16.29.24:796][730]LogModuleManager: Shutting down and abandoning module SceneOutliner (520)
[2018.01.26-16.29.24:796][730]LogModuleManager: Shutting down and abandoning module AddContentDialog (518)
[2018.01.26-16.29.24:796][730]LogDirectoryWatcher: A directory notification for 'C:/Program Files/Epic Games/UE_4.16/FeaturePacks/' was aborted.
[2018.01.26-16.29.24:798][730]LogModuleManager: Shutting down and abandoning module WidgetCarousel (517)
[2018.01.26-16.29.24:798][730]LogModuleManager: Shutting down and abandoning module EditorWidgets (514)
[2018.01.26-16.29.24:798][730]LogModuleManager: Shutting down and abandoning module CollectionManager (512)
[2018.01.26-16.29.24:798][730]LogDirectoryWatcher: A directory notification for 'D:/UnrealProjects/ProgGame/Content/Collections/' was aborted.
[2018.01.26-16.29.24:798][730]LogDirectoryWatcher: A directory notification for 'D:/UnrealProjects/ProgGame/Content/Developers/Christian/Collections/' was aborted.
[2018.01.26-16.29.24:798][730]LogDirectoryWatcher: A directory notification for 'D:/UnrealProjects/ProgGame/Saved/Collections/' was aborted.
[2018.01.26-16.29.24:798][730]LogModuleManager: Shutting down and abandoning module StatsViewer (510)
[2018.01.26-16.29.24:799][730]LogModuleManager: Shutting down and abandoning module FoliageEdit (508)
[2018.01.26-16.29.24:799][730]LogModuleManager: Shutting down and abandoning module LandscapeEditor (506)
[2018.01.26-16.29.24:799][730]LogModuleManager: Shutting down and abandoning module MeshPaintMode (504)
[2018.01.26-16.29.24:799][730]LogModuleManager: Shutting down and abandoning module SceneDepthPickerMode (502)
[2018.01.26-16.29.24:799][730]LogModuleManager: Shutting down and abandoning module ActorPickerMode (500)
[2018.01.26-16.29.24:799][730]LogModuleManager: Shutting down and abandoning module GeometryMode (498)
[2018.01.26-16.29.24:799][730]LogModuleManager: Shutting down and abandoning module TextureAlignMode (496)
[2018.01.26-16.29.24:799][730]LogModuleManager: Shutting down and abandoning module BspMode (494)
[2018.01.26-16.29.24:799][730]LogModuleManager: Shutting down and abandoning module HardwareSurvey (492)
[2018.01.26-16.29.24:799][730]LogModuleManager: Shutting down and abandoning module SequenceRecorderSections (490)
[2018.01.26-16.29.24:800][730]LogModuleManager: Shutting down and abandoning module AutomationWorker (488)
[2018.01.26-16.29.24:800][730]LogModuleManager: Shutting down and abandoning module MatineeToLevelSequence (486)
[2018.01.26-16.29.24:800][730]LogModuleManager: Shutting down and abandoning module LevelSequenceEditor (484)
[2018.01.26-16.29.24:802][730]LogModuleManager: Shutting down and abandoning module PlacementMode (483)
[2018.01.26-16.29.24:802][730]LogModuleManager: Shutting down and abandoning module WmfMediaFactory (480)
[2018.01.26-16.29.24:802][730]LogModuleManager: Shutting down and abandoning module WmfMediaEditor (478)
[2018.01.26-16.29.24:802][730]LogModuleManager: Shutting down and abandoning module AvfMediaFactory (476)
[2018.01.26-16.29.24:802][730]LogModuleManager: Shutting down and abandoning module AvfMediaEditor (474)
[2018.01.26-16.29.24:802][730]LogModuleManager: Shutting down and abandoning module AndroidMediaFactory (472)
[2018.01.26-16.29.24:802][730]LogModuleManager: Shutting down and abandoning module Media (471)
[2018.01.26-16.29.24:802][730]LogModuleManager: Shutting down and abandoning module AndroidMediaEditor (468)
[2018.01.26-16.29.24:802][730]LogModuleManager: Shutting down and abandoning module CharacterAI (466)
[2018.01.26-16.29.24:802][730]LogModuleManager: Shutting down and abandoning module AudioCapture (464)
[2018.01.26-16.29.24:802][730]LogModuleManager: Shutting down and abandoning module SequenceRecorder (463)
[2018.01.26-16.29.24:803][730]LogModuleManager: Shutting down and abandoning module SmartSnapping (460)
[2018.01.26-16.29.24:803][730]LogModuleManager: Shutting down and abandoning module SessionServices (458)
[2018.01.26-16.29.24:803][730]LogModuleManager: Shutting down and abandoning module ViewportSnapping (456)
[2018.01.26-16.29.24:803][730]LogModuleManager: Shutting down and abandoning module ViewportInteraction (454)
[2018.01.26-16.29.24:803][730]LogModuleManager: Shutting down and abandoning module ClothPainter (452)
[2018.01.26-16.29.24:805][730]LogModuleManager: Shutting down and abandoning module LogVisualizer (450)
[2018.01.26-16.29.24:806][730]LogModuleManager: Shutting down and abandoning module IntroTutorials (448)
[2018.01.26-16.29.24:808][730]LogModuleManager: Shutting down and abandoning module GameProjectGeneration (447)
[2018.01.26-16.29.24:809][730]LogModuleManager: Shutting down and abandoning module EditorLiveStreaming (444)
[2018.01.26-16.29.24:809][730]LogModuleManager: Shutting down and abandoning module IOSPlatformEditor (442)
[2018.01.26-16.29.24:810][730]LogModuleManager: Shutting down and abandoning module HTML5PlatformEditor (440)
[2018.01.26-16.29.24:810][730]LogModuleManager: Shutting down and abandoning module AndroidPlatformEditor (438)
[2018.01.26-16.29.24:810][730]LogModuleManager: Shutting down and abandoning module AndroidDeviceDetection (437)
[2018.01.26-16.29.25:347][730]LogModuleManager: Shutting down and abandoning module IOSRuntimeSettings (434)
[2018.01.26-16.29.25:347][730]LogModuleManager: Shutting down and abandoning module AndroidRuntimeSettings (432)
[2018.01.26-16.29.25:347][730]LogModuleManager: Shutting down and abandoning module InputBindingEditor (430)
[2018.01.26-16.29.25:350][730]LogModuleManager: Shutting down and abandoning module MergeActors (428)
[2018.01.26-16.29.25:351][730]LogModuleManager: Shutting down and abandoning module SizeMap (426)
[2018.01.26-16.29.25:351][730]LogModuleManager: Shutting down and abandoning module TreeMap (424)
[2018.01.26-16.29.25:351][730]LogModuleManager: Shutting down and abandoning module ReferenceViewer (422)
[2018.01.26-16.29.25:351][730]LogModuleManager: Shutting down and abandoning module LocalizationDashboard (420)
[2018.01.26-16.29.25:353][730]LogModuleManager: Shutting down and abandoning module LocalizationService (419)
[2018.01.26-16.29.25:353][730]LogModuleManager: Shutting down and abandoning module HardwareTargeting (416)
[2018.01.26-16.29.25:353][730]LogModuleManager: Shutting down and abandoning module DeviceProfileEditor (414)
[2018.01.26-16.29.25:354][730]LogModuleManager: Shutting down and abandoning module UndoHistory (412)
[2018.01.26-16.29.25:354][730]LogModuleManager: Shutting down and abandoning module UserFeedback (410)
[2018.01.26-16.29.25:354][730]LogModuleManager: Shutting down and abandoning module XmlParser (408)
[2018.01.26-16.29.25:354][730]LogModuleManager: Shutting down and abandoning module Blutility (406)
[2018.01.26-16.29.25:354][730]LogModuleManager: Shutting down and abandoning module ProjectSettingsViewer (404)
[2018.01.26-16.29.25:354][730]LogModuleManager: Shutting down and abandoning module ProjectTargetPlatformEditor (403)
[2018.01.26-16.29.25:355][730]LogModuleManager: Shutting down and abandoning module EditorSettingsViewer (400)
[2018.01.26-16.29.25:355][730]LogModuleManager: Shutting down and abandoning module SettingsEditor (398)
[2018.01.26-16.29.25:356][730]LogModuleManager: Shutting down and abandoning module ProjectLauncher (396)
[2018.01.26-16.29.25:357][730]LogModuleManager: Shutting down and abandoning module SessionFrontend (394)
[2018.01.26-16.29.25:358][730]LogModuleManager: Shutting down and abandoning module ProfilerClient (392)
[2018.01.26-16.29.25:358][730]LogModuleManager: Shutting down and abandoning module DeviceManager (390)
[2018.01.26-16.29.25:360][730]LogModuleManager: Shutting down and abandoning module TargetDeviceServices (389)
[2018.01.26-16.29.25:411][730]LogModuleManager: Shutting down and abandoning module AutomationController (386)
[2018.01.26-16.29.25:412][730]LogModuleManager: Shutting down and abandoning module AutomationWindow (384)
[2018.01.26-16.29.25:414][730]LogModuleManager: Shutting down and abandoning module Layers (382)
[2018.01.26-16.29.25:417][730]LogModuleManager: Shutting down and abandoning module ComponentVisualizers (380)
[2018.01.26-16.29.25:417][730]LogModuleManager: Shutting down and abandoning module DetailCustomizations (378)
[2018.01.26-16.29.25:417][730]LogModuleManager: Shutting down and abandoning module PackagesDialog (376)
[2018.01.26-16.29.25:418][730]LogModuleManager: Shutting down and abandoning module Persona (374)
[2018.01.26-16.29.25:419][730]LogModuleManager: Shutting down and abandoning module AdvancedPreviewScene (373)
[2018.01.26-16.29.25:419][730]LogModuleManager: Shutting down and abandoning module AnimGraph (371)
[2018.01.26-16.29.25:419][730]LogModuleManager: Shutting down and abandoning module Kismet (368)
[2018.01.26-16.29.25:429][730]LogModuleManager: Shutting down and abandoning module ClassViewer (366)
[2018.01.26-16.29.25:429][730]LogModuleManager: Shutting down and abandoning module Toolbox (364)
[2018.01.26-16.29.25:429][730]LogModuleManager: Shutting down and abandoning module ModuleUI (362)
[2018.01.26-16.29.25:430][730]LogModuleManager: Shutting down and abandoning module MovieSceneTools (360)
[2018.01.26-16.29.25:431][730]LogModuleManager: Shutting down and abandoning module OutputLog (358)
[2018.01.26-16.29.25:433][730]LogModuleManager: Shutting down and abandoning module GammaUI (356)
[2018.01.26-16.29.25:433][730]LogModuleManager: Shutting down and abandoning module Documentation (354)
[2018.01.26-16.29.25:434][730]LogModuleManager: Shutting down and abandoning module MovieSceneTracks (352)
[2018.01.26-16.29.25:434][730]LogModuleManager: Shutting down and abandoning module MovieScene (350)
[2018.01.26-16.29.25:434][730]LogModuleManager: Shutting down and abandoning module Niagara (348)
[2018.01.26-16.29.25:434][730]LogModuleManager: Shutting down and abandoning module NiagaraEditor (347)
[2018.01.26-16.29.25:439][730]LogModuleManager: Shutting down and abandoning module StreamingPauseRendering (344)
[2018.01.26-16.29.25:439][730]LogModuleManager: Shutting down and abandoning module AnalyticsET (342)
[2018.01.26-16.29.25:439][730]LogModuleManager: Shutting down and abandoning module PortalServices (340)
[2018.01.26-16.29.25:439][730]LogModuleManager: Shutting down and abandoning module PortalRpc (338)
[2018.01.26-16.29.25:439][730]LogModuleManager: Shutting down and abandoning module MessagingRpc (336)
[2018.01.26-16.29.25:439][730]LogModuleManager: Shutting down and abandoning module AIModule (334)
[2018.01.26-16.29.25:439][730]LogModuleManager: Shutting down and abandoning module GameplayDebugger (333)
[2018.01.26-16.29.25:439][730]LogModuleManager: Shutting down and abandoning module AITestSuite (331)
[2018.01.26-16.29.25:439][730]LogModuleManager: Shutting down and abandoning module ProfilerService (328)
[2018.01.26-16.29.25:683][730]LogModuleManager: Shutting down and abandoning module TaskGraph (326)
[2018.01.26-16.29.25:688][730]LogModuleManager: Shutting down and abandoning module SteamVRController (324)
[2018.01.26-16.29.25:688][730]LogModuleManager: Shutting down and abandoning module SteamVR (322)
[2018.01.26-16.29.25:688][730]LogModuleManager: Shutting down and abandoning module ProceduralMeshComponentEditor (320)
[2018.01.26-16.29.25:688][730]LogModuleManager: Shutting down and abandoning module ProceduralMeshComponent (318)
[2018.01.26-16.29.25:688][730]LogModuleManager: Shutting down and abandoning module OculusLibrary (316)
[2018.01.26-16.29.25:688][730]LogModuleManager: Shutting down and abandoning module OculusInput (314)
[2018.01.26-16.29.25:688][730]LogModuleManager: Shutting down and abandoning module MobilePatchingUtils (312)
[2018.01.26-16.29.25:688][730]LogModuleManager: Shutting down and abandoning module CustomMeshComponent (310)
[2018.01.26-16.29.25:688][730]LogModuleManager: Shutting down and abandoning module CableComponent (308)
[2018.01.26-16.29.25:688][730]LogModuleManager: Shutting down and abandoning module ArchVisCharacter (306)
[2018.01.26-16.29.25:688][730]LogModuleManager: Shutting down and abandoning module AndroidPermission (304)
[2018.01.26-16.29.25:688][730]LogModuleManager: Shutting down and abandoning module MediaPlayerEditor (300)
[2018.01.26-16.29.25:691][730]LogModuleManager: Shutting down and abandoning module HTML5Networking (298)
[2018.01.26-16.29.25:691][730]LogModuleManager: Shutting down and abandoning module AlembicImporter (296)
[2018.01.26-16.29.25:691][730]LogModuleManager: Shutting down and abandoning module AlembicLibrary (295)
[2018.01.26-16.29.25:691][730]LogModuleManager: Shutting down and abandoning module GeometryCache (294)
[2018.01.26-16.29.25:691][730]LogModuleManager: Shutting down and abandoning module GeometryCacheEd (293)
[2018.01.26-16.29.25:691][730]LogModuleManager: Shutting down and abandoning module SuperSearchEditor (288)
[2018.01.26-16.29.25:691][730]LogModuleManager: Shutting down and abandoning module SuperSearch (287)
[2018.01.26-16.29.25:692][730]LogModuleManager: Shutting down and abandoning module SpeedTreeImporter (284)
[2018.01.26-16.29.25:692][730]LogModuleManager: Shutting down and abandoning module PluginBrowser (282)
[2018.01.26-16.29.25:694][730]LogModuleManager: Shutting down and abandoning module MobileLauncherProfileWizard (280)
[2018.01.26-16.29.25:696][730]LogModuleManager: Shutting down and abandoning module VisualStudioSourceCodeAccess (278)
[2018.01.26-16.29.25:696][730]LogModuleManager: Shutting down and abandoning module DesktopPlatform (277)
[2018.01.26-16.29.25:696][730]LogModuleManager: Shutting down and abandoning module UObjectPlugin (274)
[2018.01.26-16.29.25:696][730]LogModuleManager: Shutting down and abandoning module SubversionSourceControl (272)
[2018.01.26-16.29.25:697][730]LogModuleManager: Shutting down and abandoning module PerforceSourceControl (270)
[2018.01.26-16.29.25:698][730]LogModuleManager: Shutting down and abandoning module GitSourceControl (268)
[2018.01.26-16.29.25:698][730]LogModuleManager: Shutting down and abandoning module SourceControl (267)
[2018.01.26-16.29.25:698][730]LogModuleManager: Shutting down and abandoning module LightPropagationVolumeEditor (264)
[2018.01.26-16.29.25:698][730]LogModuleManager: Shutting down and abandoning module PaperTiledImporter (262)
[2018.01.26-16.29.25:698][730]LogModuleManager: Shutting down and abandoning module PaperSpriteSheetImporter (260)
[2018.01.26-16.29.25:698][730]LogModuleManager: Shutting down and abandoning module Paper2DEditor (258)
[2018.01.26-16.29.25:699][730]LogModuleManager: Shutting down and abandoning module MeshPaint (257)
[2018.01.26-16.29.25:700][730]LogModuleManager: Shutting down and abandoning module LevelEditor (255)
[2018.01.26-16.29.25:702][730]LogModuleManager: Shutting down and abandoning module PixelInspectorModule (254)
[2018.01.26-16.29.25:703][730]LogModuleManager: Shutting down and abandoning module MainFrame (252)
[2018.01.26-16.29.25:704][730]LogModuleManager: Shutting down and abandoning module HotReload (251)
[2018.01.26-16.29.25:706][730]LogModuleManager: Shutting down and abandoning module PhysXVehiclesEditor (246)
[2018.01.26-16.29.25:706][730]LogModuleManager: Shutting down and abandoning module PhysXVehicles (244)
[2018.01.26-16.29.25:706][730]LogModuleManager: Shutting down and abandoning module LocationServicesBPLibrary (242)
[2018.01.26-16.29.25:706][730]LogModuleManager: Shutting down and abandoning module ImmediatePhysicsEditor (240)
[2018.01.26-16.29.25:706][730]LogModuleManager: Shutting down and abandoning module ImmediatePhysics (238)
[2018.01.26-16.29.25:707][730]LogModuleManager: Shutting down and abandoning module UdpMessaging (236)
[2018.01.26-16.29.25:807][730]LogModuleManager: Shutting down and abandoning module TcpMessaging (234)
[2018.01.26-16.29.25:908][730]LogModuleManager: Shutting down and abandoning module GameplayTagsEditor (232)
[2018.01.26-16.29.25:910][730]LogModuleManager: Shutting down and abandoning module FacialAnimationEditor (230)
[2018.01.26-16.29.25:910][730]LogModuleManager: Shutting down and abandoning module FacialAnimation (228)
[2018.01.26-16.29.25:910][730]LogModuleManager: Shutting down and abandoning module AssetManagerEditor (226)
[2018.01.26-16.29.25:911][730]LogModuleManager: Shutting down and abandoning module GraphEditor (225)
[2018.01.26-16.29.25:912][730]LogModuleManager: Shutting down and abandoning module ContentBrowser (223)
[2018.01.26-16.29.25:913][730]LogModuleManager: Shutting down and abandoning module LightPropagationVolumeRuntime (220)
[2018.01.26-16.29.25:913][730]LogModuleManager: Shutting down and abandoning module Paper2D (218)
[2018.01.26-16.29.25:914][730]LogModuleManager: Shutting down and abandoning module WindowsMoviePlayer (216)
[2018.01.26-16.29.25:914][730]LogModuleManager: Shutting down and abandoning module WmfMedia (214)
[2018.01.26-16.29.25:918][730]LogModuleManager: Shutting down and abandoning module ClothingSystemEditor (212)
[2018.01.26-16.29.25:918][730]LogModuleManager: Shutting down and abandoning module ClothingSystemRuntime (210)
[2018.01.26-16.29.25:919][730]LogModuleManager: Shutting down and abandoning module MediaAssets (208)
[2018.01.26-16.29.25:919][730]LogModuleManager: Shutting down and abandoning module GameLiveStreaming (206)
[2018.01.26-16.29.25:919][730]LogModuleManager: Shutting down and abandoning module VREditor (204)
[2018.01.26-16.29.25:920][730]LogModuleManager: Shutting down and abandoning module StringTableEditor (202)
[2018.01.26-16.29.25:921][730]LogModuleManager: Shutting down and abandoning module GameplayTasksEditor (200)
[2018.01.26-16.29.25:921][730]LogModuleManager: Shutting down and abandoning module BehaviorTreeEditor (198)
[2018.01.26-16.29.25:924][730]LogModuleManager: Shutting down and abandoning module FunctionalTesting (196)
[2018.01.26-16.29.25:924][730]LogModuleManager: Shutting down and abandoning module CollisionAnalyzer (194)
[2018.01.26-16.29.25:925][730]LogModuleManager: Shutting down and abandoning module UMG (192)
[2018.01.26-16.29.25:925][730]LogModuleManager: Shutting down and abandoning module UMGEditor (191)
[2018.01.26-16.29.25:925][730]LogModuleManager: Shutting down and abandoning module Sequencer (190)
[2018.01.26-16.29.25:926][730]LogModuleManager: Shutting down and abandoning module AssetTools (188)
[2018.01.26-16.29.25:930][730]LogModuleManager: Shutting down and abandoning module MessageLog (187)
[2018.01.26-16.29.25:930][730]LogModuleManager: Shutting down and abandoning module WorkspaceMenuStructure (186)
[2018.01.26-16.29.25:930][730]LogModuleManager: Shutting down and abandoning module SlateReflector (180)
[2018.01.26-16.29.25:934][730]LogModuleManager: Shutting down and abandoning module Slate (178)
[2018.01.26-16.29.25:934][730]LogModuleManager: Shutting down and abandoning module EditorStyle (176)
[2018.01.26-16.29.25:938][730]LogModuleManager: Shutting down and abandoning module SourceCodeAccess (174)
[2018.01.26-16.29.25:938][730]LogModuleManager: Shutting down and abandoning module HeadMountedDisplay (172)
[2018.01.26-16.29.25:938][730]LogModuleManager: Shutting down and abandoning module XAudio2 (170)
[2018.01.26-16.29.25:938][730]LogModuleManager: Shutting down and abandoning module Networking (168)
[2018.01.26-16.29.25:938][730]LogModuleManager: Shutting down and abandoning module Core (164)
[2018.01.26-16.29.25:938][730]LogModuleManager: Shutting down and abandoning module AssetRegistry (162)
[2018.01.26-16.29.25:993][730]LogDirectoryWatcher: A directory notification for '../../../Engine/Content/' was aborted.
[2018.01.26-16.29.25:993][730]LogDirectoryWatcher: A directory notification for 'D:/UnrealProjects/ProgGame/Content/' was aborted.
[2018.01.26-16.29.25:993][730]LogDirectoryWatcher: A directory notification for '../../../Engine/Plugins/2D/Paper2D/Content/' was aborted.
[2018.01.26-16.29.25:993][730]LogDirectoryWatcher: A directory notification for '../../../Engine/Plugins/Runtime/GearVR/Content/' was aborted.
[2018.01.26-16.29.25:996][730]LogModuleManager: Shutting down and abandoning module DirectoryWatcher (161)
[2018.01.26-16.29.25:997][730]LogModuleManager: Shutting down and abandoning module KismetCompiler (158)
[2018.01.26-16.29.25:997][730]LogModuleManager: Shutting down and abandoning module LevelSequence (156)
[2018.01.26-16.29.25:997][730]LogModuleManager: Shutting down and abandoning module PhysXFormats (154)
[2018.01.26-16.29.25:997][730]LogModuleManager: Shutting down and abandoning module MeshUtilities (152)
[2018.01.26-16.29.25:997][730]LogModuleManager: Shutting down and abandoning module SimplygonSwarm (151)
[2018.01.26-16.29.25:999][730]LogModuleManager: Shutting down and abandoning module SimplygonMeshReduction (149)
[2018.01.26-16.29.25:999][730]LogModuleManager: Shutting down and abandoning module QuadricMeshReduction (147)
[2018.01.26-16.29.26:000][730]LogModuleManager: Shutting down and abandoning module DerivedDataCache (144)
[2018.01.26-16.29.26:011][730]LogDerivedDataCache: Shutdown
[2018.01.26-16.29.26:011][730]LogModuleManager: Shutting down and abandoning module TargetPlatform (142)
[2018.01.26-16.29.26:011][730]LogModuleManager: Shutting down and abandoning module VulkanShaderFormat (141)
[2018.01.26-16.29.26:014][730]LogModuleManager: Shutting down and abandoning module ShaderFormatVectorVM (139)
[2018.01.26-16.29.26:015][730]LogModuleManager: Shutting down and abandoning module ShaderFormatOpenGL (137)
[2018.01.26-16.29.26:016][730]LogModuleManager: Shutting down and abandoning module ShaderFormatD3D (135)
[2018.01.26-16.29.26:016][730]LogModuleManager: Shutting down and abandoning module MetalShaderFormat (133)
[2018.01.26-16.29.26:017][730]LogModuleManager: Shutting down and abandoning module TextureFormatUncompressed (131)
[2018.01.26-16.29.26:017][730]LogModuleManager: Shutting down and abandoning module TextureFormatPVR (129)
[2018.01.26-16.29.26:017][730]LogModuleManager: Shutting down and abandoning module TextureFormatDXT (127)
[2018.01.26-16.29.26:017][730]LogModuleManager: Shutting down and abandoning module TextureFormatIntelISPCTexComp (125)
[2018.01.26-16.29.26:017][730]LogModuleManager: Shutting down and abandoning module TextureFormatASTC (123)
[2018.01.26-16.29.26:017][730]LogModuleManager: Shutting down and abandoning module ImageWrapper (122)
[2018.01.26-16.29.26:017][730]LogModuleManager: Shutting down and abandoning module TextureFormatAndroid (119)
[2018.01.26-16.29.26:017][730]LogModuleManager: Shutting down and abandoning module AudioFormatOpus (117)
[2018.01.26-16.29.26:017][730]LogModuleManager: Shutting down and abandoning module AudioFormatOgg (115)
[2018.01.26-16.29.26:018][730]LogModuleManager: Shutting down and abandoning module AudioFormatADPCM (113)
[2018.01.26-16.29.26:018][730]LogModuleManager: Shutting down and abandoning module LinuxTargetPlatform (111)
[2018.01.26-16.29.26:018][730]LogModuleManager: Shutting down and abandoning module LinuxServerTargetPlatform (109)
[2018.01.26-16.29.26:018][730]LogModuleManager: Shutting down and abandoning module LinuxNoEditorTargetPlatform (107)
[2018.01.26-16.29.26:018][730]LogModuleManager: Shutting down and abandoning module LinuxClientTargetPlatform (105)
[2018.01.26-16.29.26:018][730]LogModuleManager: Shutting down and abandoning module TVOSTargetPlatform (103)
[2018.01.26-16.29.26:018][730]LogModuleManager: Shutting down and abandoning module Messaging (101)
[2018.01.26-16.29.26:018][730]LogModuleManager: Shutting down and abandoning module IOSTargetPlatform (99)
[2018.01.26-16.29.26:018][730]LogModuleManager: Shutting down and abandoning module HTML5TargetPlatform (97)
[2018.01.26-16.29.26:018][730]LogModuleManager: Shutting down and abandoning module Android_PVRTCTargetPlatform (95)
[2018.01.26-16.29.26:018][730]LogModuleManager: Shutting down and abandoning module Android_MultiTargetPlatform (93)
[2018.01.26-16.29.26:018][730]LogModuleManager: Shutting down and abandoning module Android_ETC2TargetPlatform (91)
[2018.01.26-16.29.26:018][730]LogModuleManager: Shutting down and abandoning module Android_ETC1TargetPlatform (89)
[2018.01.26-16.29.26:018][730]LogModuleManager: Shutting down and abandoning module Android_DXTTargetPlatform (87)
[2018.01.26-16.29.26:018][730]LogModuleManager: Shutting down and abandoning module Android_ATCTargetPlatform (85)
[2018.01.26-16.29.26:018][730]LogModuleManager: Shutting down and abandoning module Android_ASTCTargetPlatform (83)
[2018.01.26-16.29.26:018][730]LogModuleManager: Shutting down and abandoning module AndroidTargetPlatform (81)
[2018.01.26-16.29.26:018][730]LogModuleManager: Shutting down and abandoning module WindowsTargetPlatform (79)
[2018.01.26-16.29.26:018][730]LogModuleManager: Shutting down and abandoning module WindowsServerTargetPlatform (77)
[2018.01.26-16.29.26:018][730]LogModuleManager: Shutting down and abandoning module WindowsNoEditorTargetPlatform (75)
[2018.01.26-16.29.26:018][730]LogModuleManager: Shutting down and abandoning module WindowsClientTargetPlatform (73)
[2018.01.26-16.29.26:018][730]LogModuleManager: Shutting down and abandoning module MacTargetPlatform (71)
[2018.01.26-16.29.26:018][730]LogModuleManager: Shutting down and abandoning module MacServerTargetPlatform (69)
[2018.01.26-16.29.26:018][730]LogModuleManager: Shutting down and abandoning module MacNoEditorTargetPlatform (67)
[2018.01.26-16.29.26:018][730]LogModuleManager: Shutting down and abandoning module MacClientTargetPlatform (65)
[2018.01.26-16.29.26:018][730]LogModuleManager: Shutting down and abandoning module AllDesktopTargetPlatform (63)
[2018.01.26-16.29.26:018][730]LogModuleManager: Shutting down and abandoning module InputCore (60)
[2018.01.26-16.29.26:018][730]LogModuleManager: Shutting down and abandoning module Settings (58)
[2018.01.26-16.29.26:018][730]LogModuleManager: Shutting down and abandoning module OculusRift (56)
[2018.01.26-16.29.26:019][730]LogModuleManager: Shutting down and abandoning module GearVRController (54)
[2018.01.26-16.29.26:019][730]LogModuleManager: Shutting down and abandoning module GearVR (52)
[2018.01.26-16.29.26:020][730]LogModuleManager: Shutting down and abandoning module ExampleDeviceProfileSelector (50)
[2018.01.26-16.29.26:020][730]LogModuleManager: Shutting down and abandoning module OnlineBlueprintSupport (48)
[2018.01.26-16.29.26:020][730]LogModuleManager: Shutting down and abandoning module OnlineSubsystem (44)
[2018.01.26-16.29.26:020][730]LogOnline:Display: Unloading online subsystem: NULL
[2018.01.26-16.29.26:020][730]LogModuleManager: Shutting down and abandoning module XMPP (43)
[2018.01.26-16.29.26:023][730]LogModuleManager: Shutting down and abandoning module HTTP (41)
[2018.01.26-16.29.26:023][730]LogHttp:Display: Http module shutting down, but needs to wait on 1 outstanding Http requests:
[2018.01.26-16.29.26:023][730]LogHttp:Display: 	verb=[POST] url=[https://datarouter.ol.epicgames.com/datarouter/api/v1/public/data?SessionID=%7BCB033D05-4FE3-0161-6919-30AE2AC9C01F%7D&AppID=UEEditor.Rocket.Release&AppVersion=4.16.3-3561208%2B%2B%2BUE4%2BRelease-4.16&UserID=be15d2f341a2591c0a67769650353cac%7C7a03dd74e9a24775aa784d75d5dbc930%7C44e25403-fe93-4e74-a749-b948f5231b26&AppEnvironment=datacollector-binary&UploadType=eteventstream] status=Processing
[2018.01.26-16.29.26:039][730]LogModuleManager: Shutting down and abandoning module SSL (40)
[2018.01.26-16.29.26:044][730]LogModuleManager: Shutting down and abandoning module HTTPChunkInstaller (36)
[2018.01.26-16.29.26:046][730]LogModuleManager: Shutting down and abandoning module AnimationModifiers (34)
[2018.01.26-16.29.26:048][730]LogModuleManager: Shutting down and abandoning module PropertyEditor (33)
[2018.01.26-16.29.26:048][730]LogModuleManager: Shutting down and abandoning module AudioEditor (30)
[2018.01.26-16.29.26:051][730]LogModuleManager: Shutting down and abandoning module TextureCompressor (28)
[2018.01.26-16.29.26:051][730]LogModuleManager: Shutting down and abandoning module ShaderCore (26)
[2018.01.26-16.29.26:051][730]LogModuleManager: Shutting down and abandoning module Landscape (24)
[2018.01.26-16.29.26:051][730]LogModuleManager: Shutting down and abandoning module SlateRHIRenderer (22)
[2018.01.26-16.29.26:054][730]LogModuleManager: Shutting down and abandoning module OpenGLDrv (20)
[2018.01.26-16.29.26:056][730]LogModuleManager: Shutting down and abandoning module D3D11RHI (18)
[2018.01.26-16.29.26:056][730]LogModuleManager: Shutting down and abandoning module AnimGraphRuntime (16)
[2018.01.26-16.29.26:057][730]LogModuleManager: Shutting down and abandoning module Renderer (14)
[2018.01.26-16.29.26:057][730]LogModuleManager: Shutting down and abandoning module Engine (12)
[2018.01.26-16.29.26:057][730]LogModuleManager: Shutting down and abandoning module CoreUObject (10)
[2018.01.26-16.29.26:057][730]LogModuleManager: Shutting down and abandoning module NetworkFile (8)
[2018.01.26-16.29.26:057][730]LogModuleManager: Shutting down and abandoning module StreamingFile (6)
[2018.01.26-16.29.26:057][730]LogModuleManager: Shutting down and abandoning module SandboxFile (4)
[2018.01.26-16.29.26:057][730]LogModuleManager: Shutting down and abandoning module PakFile (2)
[2018.01.26-16.29.26:060][730]LogExit: Exiting.
[2018.01.26-16.29.26:071][730]Log file closed, 01/26/18 11:29:26
